<?xml version="1.0" encoding="UTF-8"?>
<!-- Generated by org.testng.reporters.JUnitXMLReporter -->
<testsuite ignored="0" hostname="DESKTOP-3SNRJKF" failures="1" tests="2" name="HomePage" time="12.69" errors="0" timestamp="2022-09-18T13:39:51 IST">
  <testcase classname="Testcases.HomePageTest" name="getLinkHeadersTest" time="2.545">
    <failure type="java.lang.IndexOutOfBoundsException" message="Index 1 out of bounds for length 0">
      <![CDATA[java.lang.IndexOutOfBoundsException: Index 1 out of bounds for length 0
at java.base/jdk.internal.util.Preconditions.outOfBounds(Preconditions.java:64)
at java.base/jdk.internal.util.Preconditions.outOfBoundsCheckIndex(Preconditions.java:70)
at java.base/jdk.internal.util.Preconditions.checkIndex(Preconditions.java:266)
at java.base/java.util.Objects.checkIndex(Objects.java:359)
at java.base/java.util.ArrayList.get(ArrayList.java:427)
at PageObjects.HomePage.getLinkHeaders(HomePage.java:27)
at Testcases.HomePageTest.getLinkHeadersTest(HomePageTest.java:36)
at java.base/java.util.ArrayList.forEach(ArrayList.java:1511)
... Removed 27 stack frames]]>
    </failure>
  </testcase> <!-- getLinkHeadersTest -->
  <testcase classname="Testcases.HomePageTest" name="enterItemNameTest" time="2.081"/>
</testsuite> <!-- HomePage -->
