<?xml version="1.0" encoding="UTF-8"?>
<!-- Generated by org.testng.reporters.JUnitXMLReporter -->
<testsuite ignored="0" hostname="DESKTOP-3SNRJKF" failures="1" tests="2" name="HomePage" time="13.662" errors="0" timestamp="2022-09-18T16:07:52 IST">
  <testcase classname="Testcases.HomePageTest" name="getLinkHeadersTest" time="2.461">
    <failure type="java.lang.AssertionError" message="null">
      <![CDATA[java.lang.AssertionError: null
at PageObjects.HomePage.getLinkHeaders(HomePage.java:33)
at Testcases.HomePageTest.getLinkHeadersTest(HomePageTest.java:36)
at java.base/java.util.ArrayList.forEach(ArrayList.java:1511)
... Removed 29 stack frames]]>
    </failure>
  </testcase> <!-- getLinkHeadersTest -->
  <testcase classname="Testcases.HomePageTest" name="enterItemNameTest" time="2.254"/>
</testsuite> <!-- HomePage -->
