<?xml version="1.0" encoding="UTF-8"?>
<!-- Generated by org.testng.reporters.JUnitXMLReporter -->
<testsuite ignored="0" hostname="DESKTOP-3SNRJKF" failures="0" tests="6" name="Login" time="11.778" errors="0" timestamp="2022-09-18T16:07:39 IST">
  <testcase classname="Testcases.LoginTest" name="checkHomePageNameTest" time="0.108"/>
  <testcase classname="Testcases.LoginTest" name="checkSignInButtonTest" time="1.198"/>
  <testcase classname="Testcases.LoginTest" name="checkSignInPageTest" time="0.067"/>
  <testcase classname="Testcases.LoginTest" name="checkSignInHeaderTest" time="0.026"/>
  <testcase classname="Testcases.LoginTest" name="enterInavlidUsernameTest" time="0.994"/>
  <testcase classname="Testcases.LoginTest" name="enterInavlidPasswordTest" time="2.608"/>
</testsuite> <!-- Login -->
