<?xml version="1.0" encoding="UTF-8"?>
<testng-results ignored="0" total="2" passed="2" failed="0" skipped="0">
  <reporter-output>
  </reporter-output>
  <suite started-at="2022-09-15T20:23:30 IST" name="Default suite" finished-at="2022-09-15T20:23:52 IST" duration-ms="21730">
    <groups>
    </groups>
    <test started-at="2022-09-15T20:23:30 IST" name="Default test" finished-at="2022-09-15T20:23:52 IST" duration-ms="21730">
      <class name="Testcases.ResultsPageTest">
        <test-method is-config="true" signature="testStartup()[pri:0, instance:Testcases.ResultsPageTest@3a52dba3]" started-at="2022-09-15T20:23:30 IST" name="testStartup" finished-at="2022-09-15T20:23:45 IST" duration-ms="14909" status="PASS">
          <reporter-output>
          </reporter-output>
        </test-method> <!-- testStartup -->
        <test-method signature="getLinkHeadersTest()[pri:0, instance:Testcases.ResultsPageTest@3a52dba3]" started-at="2022-09-15T20:23:45 IST" name="getLinkHeadersTest" finished-at="2022-09-15T20:23:46 IST" duration-ms="549" status="PASS">
          <reporter-output>
          </reporter-output>
        </test-method> <!-- getLinkHeadersTest -->
        <test-method signature="openProductPageTest()[pri:1, instance:Testcases.ResultsPageTest@3a52dba3]" started-at="2022-09-15T20:23:46 IST" name="openProductPageTest" finished-at="2022-09-15T20:23:51 IST" duration-ms="5635" status="PASS">
          <reporter-output>
          </reporter-output>
        </test-method> <!-- openProductPageTest -->
        <test-method is-config="true" signature="testTeardown()[pri:0, instance:Testcases.ResultsPageTest@3a52dba3]" started-at="2022-09-15T20:23:51 IST" name="testTeardown" finished-at="2022-09-15T20:23:52 IST" duration-ms="576" status="PASS">
          <reporter-output>
          </reporter-output>
        </test-method> <!-- testTeardown -->
      </class> <!-- Testcases.ResultsPageTest -->
    </test> <!-- Default test -->
  </suite> <!-- Default suite -->
</testng-results>
